# JRE version: Java(TM) SE Runtime Environment (8.0_251-b08) (build 1.8.0_251-b08)
# Java VM: Java HotSpot(TM) 64-Bit Server VM (25.251-b08 mixed mode windows-amd64 compressed oops)
Heap:
 PSYoungGen      total 326144K, used 298666K [0x000000076b100000, 0x0000000785200000, 0x00000007c0000000)
  eden space 310784K, 95% used [0x000000076b100000,0x000000077d2ea8e0,0x000000077e080000)
  from space 15360K, 11% used [0x000000077ef00000,0x000000077f0c0000,0x000000077fe00000)
  to   space 14848K, 0% used [0x000000077e080000,0x000000077e080000,0x000000077ef00000)
 ParOldGen       total 74752K, used 65772K [0x00000006c1200000, 0x00000006c5b00000, 0x000000076b100000)
  object space 74752K, 87% used [0x00000006c1200000,0x00000006c523b350,0x00000006c5b00000)
 Metaspace       used 24092K, capacity 24418K, committed 24832K, reserved 1071104K
  class space    used 2961K, capacity 3041K, committed 3072K, reserved 1048576K
GC Heap History (10 events):
Event: 139.734 GC heap before
{Heap before GC invocations=27 (full 1):
 PSYoungGen      total 212480K, used 195712K [0x000000076b100000, 0x000000077c980000, 0x00000007c0000000)
  eden space 193024K, 100% used [0x000000076b100000,0x0000000776d80000,0x0000000776d80000)
  from space 19456K, 13% used [0x0000000776d80000,0x0000000777020000,0x0000000778080000)
  to   space 18944K, 0% used [0x000000077b700000,0x000000077b700000,0x000000077c980000)
 ParOldGen       total 74752K, used 64684K [0x00000006c1200000, 0x00000006c5b00000, 0x000000076b100000)
  object space 74752K, 86% used [0x00000006c1200000,0x00000006c512b350,0x00000006c5b00000)
 Metaspace       used 24016K, capacity 24290K, committed 24576K, reserved 1071104K
  class space    used 2961K, capacity 3041K, committed 3072K, reserved 1048576K
Event: 139.738 GC heap after
Heap after GC invocations=27 (full 1):
 PSYoungGen      total 265216K, used 2624K [0x000000076b100000, 0x000000077c700000, 0x00000007c0000000)
  eden space 248832K, 0% used [0x000000076b100000,0x000000076b100000,0x000000077a400000)
  from space 16384K, 16% used [0x000000077b700000,0x000000077b990000,0x000000077c700000)
  to   space 17920K, 0% used [0x000000077a400000,0x000000077a400000,0x000000077b580000)
 ParOldGen       total 74752K, used 64740K [0x00000006c1200000, 0x00000006c5b00000, 0x000000076b100000)
  object space 74752K, 86% used [0x00000006c1200000,0x00000006c5139350,0x00000006c5b00000)
 Metaspace       used 24016K, capacity 24290K, committed 24576K, reserved 1071104K
  class space    used 2961K, capacity 3041K, committed 3072K, reserved 1048576K
}
Event: 140.258 GC heap before
{Heap before GC invocations=28 (full 1):
 PSYoungGen      total 265216K, used 251456K [0x000000076b100000, 0x000000077c700000, 0x00000007c0000000)
  eden space 248832K, 100% used [0x000000076b100000,0x000000077a400000,0x000000077a400000)
  from space 16384K, 16% used [0x000000077b700000,0x000000077b990000,0x000000077c700000)
  to   space 17920K, 0% used [0x000000077a400000,0x000000077a400000,0x000000077b580000)
 ParOldGen       total 74752K, used 64740K [0x00000006c1200000, 0x00000006c5b00000, 0x000000076b100000)
  object space 74752K, 86% used [0x00000006c1200000,0x00000006c5139350,0x00000006c5b00000)
 Metaspace       used 24023K, capacity 24354K, committed 24576K, reserved 1071104K
  class space    used 2961K, capacity 3041K, committed 3072K, reserved 1048576K
Event: 140.260 GC heap after
Heap after GC invocations=28 (full 1):
 PSYoungGen      total 266752K, used 2624K [0x000000076b100000, 0x0000000780a00000, 0x00000007c0000000)
  eden space 248832K, 0% used [0x000000076b100000,0x000000076b100000,0x000000077a400000)
  from space 17920K, 14% used [0x000000077a400000,0x000000077a690000,0x000000077b580000)
  to   space 16896K, 0% used [0x000000077f980000,0x000000077f980000,0x0000000780a00000)
 ParOldGen       total 74752K, used 64764K [0x00000006c1200000, 0x00000006c5b00000, 0x000000076b100000)
  object space 74752K, 86% used [0x00000006c1200000,0x00000006c513f350,0x00000006c5b00000)
 Metaspace       used 24023K, capacity 24354K, committed 24576K, reserved 1071104K
  class space    used 2961K, capacity 3041K, committed 3072K, reserved 1048576K
}
Event: 141.033 GC heap before
{Heap before GC invocations=29 (full 1):
 PSYoungGen      total 266752K, used 251456K [0x000000076b100000, 0x0000000780a00000, 0x00000007c0000000)
  eden space 248832K, 100% used [0x000000076b100000,0x000000077a400000,0x000000077a400000)
  from space 17920K, 14% used [0x000000077a400000,0x000000077a690000,0x000000077b580000)
  to   space 16896K, 0% used [0x000000077f980000,0x000000077f980000,0x0000000780a00000)
 ParOldGen       total 74752K, used 64764K [0x00000006c1200000, 0x00000006c5b00000, 0x000000076b100000)
  object space 74752K, 86% used [0x00000006c1200000,0x00000006c513f350,0x00000006c5b00000)
 Metaspace       used 24048K, capacity 24354K, committed 24576K, reserved 1071104K
  class space    used 2961K, capacity 3041K, committed 3072K, reserved 1048576K
Event: 141.037 GC heap after
Heap after GC invocations=29 (full 1):
 PSYoungGen      total 242176K, used 2592K [0x000000076b100000, 0x000000077fc80000, 0x00000007c0000000)
  eden space 239104K, 0% used [0x000000076b100000,0x000000076b100000,0x0000000779a80000)
  from space 3072K, 84% used [0x000000077f980000,0x000000077fc08000,0x000000077fc80000)
  to   space 16384K, 0% used [0x000000077dc80000,0x000000077dc80000,0x000000077ec80000)
 ParOldGen       total 74752K, used 64812K [0x00000006c1200000, 0x00000006c5b00000, 0x000000076b100000)
  object space 74752K, 86% used [0x00000006c1200000,0x00000006c514b350,0x00000006c5b00000)
 Metaspace       used 24048K, capacity 24354K, committed 24576K, reserved 1071104K
  class space    used 2961K, capacity 3041K, committed 3072K, reserved 1048576K
}
Event: 141.512 GC heap before
{Heap before GC invocations=30 (full 1):
 PSYoungGen      total 242176K, used 241696K [0x000000076b100000, 0x000000077fc80000, 0x00000007c0000000)
  eden space 239104K, 100% used [0x000000076b100000,0x0000000779a80000,0x0000000779a80000)
  from space 3072K, 84% used [0x000000077f980000,0x000000077fc08000,0x000000077fc80000)
  to   space 16384K, 0% used [0x000000077dc80000,0x000000077dc80000,0x000000077ec80000)
 ParOldGen       total 74752K, used 64812K [0x00000006c1200000, 0x00000006c5b00000, 0x000000076b100000)
  object space 74752K, 86% used [0x00000006c1200000,0x00000006c514b350,0x00000006c5b00000)
 Metaspace       used 24076K, capacity 24418K, committed 24832K, reserved 1071104K
  class space    used 2961K, capacity 3041K, committed 3072K, reserved 1048576K
Event: 141.580 GC heap after
Heap after GC invocations=30 (full 1):
 PSYoungGen      total 323072K, used 2624K [0x000000076b100000, 0x000000077fe00000, 0x00000007c0000000)
  eden space 306688K, 0% used [0x000000076b100000,0x000000076b100000,0x000000077dc80000)
  from space 16384K, 16% used [0x000000077dc80000,0x000000077df10000,0x000000077ec80000)
  to   space 15360K, 0% used [0x000000077ef00000,0x000000077ef00000,0x000000077fe00000)
 ParOldGen       total 74752K, used 64876K [0x00000006c1200000, 0x00000006c5b00000, 0x000000076b100000)
  object space 74752K, 86% used [0x00000006c1200000,0x00000006c515b350,0x00000006c5b00000)
 Metaspace       used 24076K, capacity 24418K, committed 24832K, reserved 1071104K
  class space    used 2961K, capacity 3041K, committed 3072K, reserved 1048576K
}
Event: 142.148 GC heap before
{Heap before GC invocations=31 (full 1):
 PSYoungGen      total 323072K, used 309312K [0x000000076b100000, 0x000000077fe00000, 0x00000007c0000000)
  eden space 306688K, 100% used [0x000000076b100000,0x000000077dc80000,0x000000077dc80000)
  from space 16384K, 16% used [0x000000077dc80000,0x000000077df10000,0x000000077ec80000)
  to   space 15360K, 0% used [0x000000077ef00000,0x000000077ef00000,0x000000077fe00000)
 ParOldGen       total 74752K, used 64876K [0x00000006c1200000, 0x00000006c5b00000, 0x000000076b100000)
  object space 74752K, 86% used [0x00000006c1200000,0x00000006c515b350,0x00000006c5b00000)
 Metaspace       used 24087K, capacity 24418K, committed 24832K, reserved 1071104K
  class space    used 2961K, capacity 3041K, committed 3072K, reserved 1048576K
Event: 142.155 GC heap after
Heap after GC invocations=31 (full 1):
 PSYoungGen      total 326144K, used 1792K [0x000000076b100000, 0x0000000785200000, 0x00000007c0000000)
  eden space 310784K, 0% used [0x000000076b100000,0x000000076b100000,0x000000077e080000)
  from space 15360K, 11% used [0x000000077ef00000,0x000000077f0c0000,0x000000077fe00000)
  to   space 14848K, 0% used [0x000000077e080000,0x000000077e080000,0x000000077ef00000)
 ParOldGen       total 74752K, used 65772K [0x00000006c1200000, 0x00000006c5b00000, 0x000000076b100000)
  object space 74752K, 87% used [0x00000006c1200000,0x00000006c523b350,0x00000006c5b00000)
 Metaspace       used 24087K, capacity 24418K, committed 24832K, reserved 1071104K
  class space    used 2961K, capacity 3041K, committed 3072K, reserved 1048576K
}

